<?xml version="1.0" encoding="UTF-8"?>
<!-- Generated by org.testng.reporters.JUnitReportReporter -->
<testsuite hostname="CHOWDHUR-W7-1" name="TestPackage.TestingDemo" tests="1" failures="0" timestamp="18 Apr 2016 10:23:02 GMT" time="7.836" errors="0">
  <testcase name="test" time="7.836" classname="TestPackage.TestingDemo"/>
</testsuite> <!-- TestPackage.TestingDemo -->
