<?xml version="1.0" encoding="UTF-8"?>
<!-- Generated by org.testng.reporters.JUnitReportReporter -->
<testsuite hostname="CHOWDHUR-W7-1" name="TestPackage.TestingDemo" tests="1" failures="0" timestamp="18 Apr 2016 13:21:38 GMT" time="7.961" errors="0">
  <testcase name="test" time="7.961" classname="TestPackage.TestingDemo"/>
</testsuite> <!-- TestPackage.TestingDemo -->
