<?xml version="1.0" encoding="UTF-8"?>
<!-- Generated by org.testng.reporters.JUnitReportReporter -->
<testsuite hostname="CHOWDHUR-W7-1" name="TestPackage.TestingDemo" tests="1" failures="0" timestamp="18 Apr 2016 15:40:00 GMT" time="13.962" errors="0">
  <testcase name="test" time="13.962" classname="TestPackage.TestingDemo"/>
</testsuite> <!-- TestPackage.TestingDemo -->
